<?xml version="1.0" encoding="UTF-8"?>
<!-- Generated by org.testng.reporters.JUnitReportReporter -->
<testsuite skipped="0" hostname="LGDN14849-W10" name="railway.railways.TC09_UserCanResetPassword" tests="2" failures="0" timestamp="01 Feb 2021 01:43:46 GMT" time="11.435" errors="0">
  <testcase name="TC09" time="6.587" classname="railway.railways.TC09_UserCanResetPassword"/>
  <testcase name="TC09" time="4.848" classname="railway.railways.TC09_UserCanResetPassword"/>
</testsuite> <!-- railway.railways.TC09_UserCanResetPassword -->
