<?xml version="1.0" encoding="UTF-8"?>
<!-- Generated by org.testng.reporters.JUnitReportReporter -->
<testsuite skipped="0" hostname="LGDN14849-W10" name="railway.railways.TC16_CancelTicket" tests="2" failures="0" timestamp="03 Feb 2021 09:55:31 GMT" time="33.685" errors="0">
  <testcase name="TC16" time="17.380" classname="railway.railways.TC16_CancelTicket"/>
  <testcase name="TC16" time="16.305" classname="railway.railways.TC16_CancelTicket"/>
</testsuite> <!-- railway.railways.TC16_CancelTicket -->
