<?xml version="1.0" encoding="UTF-8"?>
<!-- Generated by org.testng.reporters.JUnitReportReporter -->
<testsuite skipped="0" hostname="LGDN14849-W10" name="railway.railways.TC16_CancelTicket" tests="2" failures="0" timestamp="01 Feb 2021 01:43:46 GMT" time="26.645" errors="0">
  <testcase name="TC16" time="11.322" classname="railway.railways.TC16_CancelTicket"/>
  <testcase name="TC16" time="15.323" classname="railway.railways.TC16_CancelTicket"/>
</testsuite> <!-- railway.railways.TC16_CancelTicket -->
