<?xml version="1.0" encoding="UTF-8"?>
<!-- Generated by org.testng.reporters.JUnitReportReporter -->
<testsuite skipped="0" hostname="LGDN14849-W10" name="railway.railways.TC08_LoginWithAccountNotActive" tests="2" failures="0" timestamp="03 Feb 2021 09:55:31 GMT" time="9.316" errors="0">
  <testcase name="TC08" time="5.000" classname="railway.railways.TC08_LoginWithAccountNotActive"/>
  <testcase name="TC08" time="4.316" classname="railway.railways.TC08_LoginWithAccountNotActive"/>
</testsuite> <!-- railway.railways.TC08_LoginWithAccountNotActive -->
