<?xml version="1.0" encoding="UTF-8"?>
<!-- Generated by org.testng.reporters.JUnitReportReporter -->
<testsuite skipped="0" hostname="LGDN14849-W10" name="railway.railways.TC10_UserCannotResetPassword" tests="2" failures="0" timestamp="03 Feb 2021 09:55:31 GMT" time="9.362" errors="0">
  <testcase name="TC10" time="4.106" classname="railway.railways.TC10_UserCannotResetPassword"/>
  <testcase name="TC10" time="5.256" classname="railway.railways.TC10_UserCannotResetPassword"/>
</testsuite> <!-- railway.railways.TC10_UserCannotResetPassword -->
