<?xml version="1.0" encoding="UTF-8"?>
<!-- Generated by org.testng.reporters.JUnitReportReporter -->
<testsuite skipped="0" hostname="LGDN14849-W10" name="railway.railways.TC04_ContactTest" tests="2" failures="0" timestamp="03 Feb 2021 09:55:31 GMT" time="6.687" errors="0">
  <testcase name="TC04" time="3.244" classname="railway.railways.TC04_ContactTest"/>
  <testcase name="TC04" time="3.443" classname="railway.railways.TC04_ContactTest"/>
</testsuite> <!-- railway.railways.TC04_ContactTest -->
