<?xml version="1.0" encoding="UTF-8"?>
<!-- Generated by org.testng.reporters.JUnitReportReporter -->
<testsuite skipped="0" hostname="LGDN14849-W10" name="railway.railways.TC15_BookTicket" tests="2" failures="0" timestamp="03 Feb 2021 09:55:31 GMT" time="14.084" errors="0">
  <testcase name="TC15" time="6.870" classname="railway.railways.TC15_BookTicket"/>
  <testcase name="TC15" time="7.214" classname="railway.railways.TC15_BookTicket"/>
</testsuite> <!-- railway.railways.TC15_BookTicket -->
