<?xml version="1.0" encoding="UTF-8"?>
<!-- Generated by org.testng.reporters.JUnitReportReporter -->
<testsuite skipped="0" hostname="LGDN14849-W10" name="railway.railways.TC02_LoginWithBlankUsername" tests="2" failures="0" timestamp="03 Feb 2021 09:55:31 GMT" time="8.484" errors="0">
  <testcase name="TC02" time="4.080" classname="railway.railways.TC02_LoginWithBlankUsername"/>
  <testcase name="TC02" time="4.404" classname="railway.railways.TC02_LoginWithBlankUsername"/>
</testsuite> <!-- railway.railways.TC02_LoginWithBlankUsername -->
