<?xml version="1.0" encoding="UTF-8"?>
<!-- Generated by org.testng.reporters.JUnitReportReporter -->
<testsuite skipped="0" hostname="LGDN14849-W10" name="railway.RegisterTest" tests="1" failures="0" timestamp="22 Jan 2021 06:54:27 GMT" time="5.696" errors="0">
  <testcase name="TC11" time="5.696" classname="railway.RegisterTest"/>
</testsuite> <!-- railway.RegisterTest -->
