<?xml version="1.0" encoding="UTF-8"?>
<!-- Generated by org.testng.reporters.JUnitReportReporter -->
<testsuite skipped="0" hostname="LGDN14849-W10" name="railway.railways.TC03_LoginWithPasswordInvalid" tests="2" failures="0" timestamp="03 Feb 2021 09:55:31 GMT" time="8.563" errors="0">
  <testcase name="TC03" time="4.193" classname="railway.railways.TC03_LoginWithPasswordInvalid"/>
  <testcase name="TC03" time="4.370" classname="railway.railways.TC03_LoginWithPasswordInvalid"/>
</testsuite> <!-- railway.railways.TC03_LoginWithPasswordInvalid -->
