<?xml version="1.0" encoding="UTF-8"?>
<!-- Generated by org.testng.reporters.JUnitReportReporter -->
<testsuite skipped="0" hostname="LGDN14849-W10" name="railway.railways.TC06_LoginAndVerifyTabName" tests="2" failures="0" timestamp="03 Feb 2021 09:55:31 GMT" time="10.219" errors="0">
  <testcase name="TC06" time="5.743" classname="railway.railways.TC06_LoginAndVerifyTabName"/>
  <testcase name="TC06" time="4.476" classname="railway.railways.TC06_LoginAndVerifyTabName"/>
</testsuite> <!-- railway.railways.TC06_LoginAndVerifyTabName -->
