<?xml version="1.0" encoding="UTF-8"?>
<!-- Generated by org.testng.reporters.JUnitReportReporter -->
<testsuite skipped="0" hostname="LGDN14849-W10" name="railway.BookTicketTest" tests="1" failures="0" timestamp="22 Jan 2021 07:42:07 GMT" time="11.512" errors="0">
  <testcase name="TC05" time="11.512" classname="railway.BookTicketTest"/>
</testsuite> <!-- railway.BookTicketTest -->
