<?xml version="1.0" encoding="UTF-8"?>
<!-- Generated by org.testng.reporters.JUnitReportReporter -->
<testsuite skipped="0" hostname="LGDN14849-W10" name="railway.railways.TC07_Register" tests="2" failures="0" timestamp="03 Feb 2021 09:55:31 GMT" time="9.550" errors="0">
  <testcase name="TC07" time="4.486" classname="railway.railways.TC07_Register"/>
  <testcase name="TC07" time="5.064" classname="railway.railways.TC07_Register"/>
</testsuite> <!-- railway.railways.TC07_Register -->
