<?xml version="1.0" encoding="UTF-8"?>
<!-- Generated by org.testng.reporters.JUnitReportReporter -->
<testsuite skipped="0" hostname="LGDN14849-W10" name="railway.railways.TC14_CannotBookTicketMoreThan10" tests="2" failures="0" timestamp="03 Feb 2021 09:55:31 GMT" time="40.820" errors="0">
  <testcase name="TC14" time="19.216" classname="railway.railways.TC14_CannotBookTicketMoreThan10"/>
  <testcase name="TC14" time="21.604" classname="railway.railways.TC14_CannotBookTicketMoreThan10"/>
</testsuite> <!-- railway.railways.TC14_CannotBookTicketMoreThan10 -->
