<?xml version="1.0" encoding="UTF-8"?>
<!-- Generated by org.testng.reporters.JUnitReportReporter -->
<testsuite skipped="0" hostname="LGDN14849-W10" name="railway.railways.TC11_CannotCreateWithPasswordAndPidEmpty" tests="2" failures="0" timestamp="03 Feb 2021 09:55:31 GMT" time="9.165" errors="0">
  <testcase name="TC11" time="4.775" classname="railway.railways.TC11_CannotCreateWithPasswordAndPidEmpty"/>
  <testcase name="TC11" time="4.390" classname="railway.railways.TC11_CannotCreateWithPasswordAndPidEmpty"/>
</testsuite> <!-- railway.railways.TC11_CannotCreateWithPasswordAndPidEmpty -->
