<?xml version="1.0" encoding="UTF-8"?>
<!-- Generated by org.testng.reporters.JUnitReportReporter -->
<testsuite skipped="0" hostname="LGDN14849-W10" name="railway.railways.TC01_Login" tests="2" failures="0" timestamp="03 Feb 2021 09:55:31 GMT" time="9.993" errors="0">
  <testcase name="TC01" time="4.518" classname="railway.railways.TC01_Login"/>
  <testcase name="TC01" time="5.475" classname="railway.railways.TC01_Login"/>
</testsuite> <!-- railway.railways.TC01_Login -->
